{
  "0 debug pnpm:scope": {
    "selected": 1,
    "workspacePrefix": "F:\\xinxin-ui"
  },
  "1 error pnpm": {
    "errno": 1,
    "code": "ELIFECYCLE",
    "pkgid": "xinxin-icons@1.0.0",
    "stage": "build:icons",
    "script": "esno ./packages/build/generate.ts",
    "pkgname": "xinxin-icons",
    "err": {
      "name": "pnpm",
      "message": "xinxin-icons@1.0.0 build:icons: `esno ./packages/build/generate.ts`\nExit status 1",
      "code": "ELIFECYCLE",
      "stack": "pnpm: xinxin-icons@1.0.0 build:icons: `esno ./packages/build/generate.ts`\nExit status 1\n    at EventEmitter.<anonymous> (C:\\Users\\27895\\AppData\\Roaming\\npm\\node_modules\\pnpm\\dist\\pnpm.cjs:105736:20)\n    at EventEmitter.emit (node:events:520:28)\n    at ChildProcess.<anonymous> (C:\\Users\\27895\\AppData\\Roaming\\npm\\node_modules\\pnpm\\dist\\pnpm.cjs:92297:18)\n    at ChildProcess.emit (node:events:520:28)\n    at maybeClose (node:internal/child_process:1092:16)\n    at Process.ChildProcess._handle.onexit (node:internal/child_process:302:5)"
    }
  },
  "2 warn pnpm:global": " Local package.json exists, but node_modules missing, did you mean to install?"
}